<?xml version="1.0" encoding="UTF-8"?>
<testsuite xmlns:xsi="http://www.w3.org/2001/XMLSchema-instance" xsi:noNamespaceSchemaLocation="https://maven.apache.org/surefire/maven-surefire-plugin/xsd/surefire-test-report-3.0.xsd" version="3.0" name="crux.CompilerStageTests" time="4.09" tests="50" errors="0" skipped="0" failures="1">
  <properties>
    <property name="awt.toolkit" value="sun.awt.X11.XToolkit"/>
    <property name="java.specification.version" value="11"/>
    <property name="sun.cpu.isalist" value=""/>
    <property name="sun.jnu.encoding" value="UTF-8"/>
    <property name="java.class.path" value="/mnt/c/Users/youse/IdeaProjects/crux/target/test-classes:/mnt/c/Users/youse/IdeaProjects/crux/target/classes:/home/wallyy/.m2/repository/org/antlr/antlr4-runtime/4.7.2/antlr4-runtime-4.7.2.jar:/home/wallyy/.m2/repository/org/junit/jupiter/junit-jupiter-api/5.5.2/junit-jupiter-api-5.5.2.jar:/home/wallyy/.m2/repository/org/apiguardian/apiguardian-api/1.1.0/apiguardian-api-1.1.0.jar:/home/wallyy/.m2/repository/org/opentest4j/opentest4j/1.2.0/opentest4j-1.2.0.jar:/home/wallyy/.m2/repository/org/junit/platform/junit-platform-commons/1.5.2/junit-platform-commons-1.5.2.jar:/home/wallyy/.m2/repository/org/junit/jupiter/junit-jupiter-engine/5.5.2/junit-jupiter-engine-5.5.2.jar:/home/wallyy/.m2/repository/org/junit/platform/junit-platform-engine/1.5.2/junit-platform-engine-1.5.2.jar:"/>
    <property name="java.vm.vendor" value="Ubuntu"/>
    <property name="sun.arch.data.model" value="64"/>
    <property name="java.vendor.url" value="https://ubuntu.com/"/>
    <property name="user.timezone" value=""/>
    <property name="java.vm.specification.version" value="11"/>
    <property name="os.name" value="Linux"/>
    <property name="sun.java.launcher" value="SUN_STANDARD"/>
    <property name="sun.boot.library.path" value="/usr/lib/jvm/java-11-openjdk-amd64/lib"/>
    <property name="sun.java.command" value="/mnt/c/Users/youse/IdeaProjects/crux/target/surefire/surefirebooter338970062425097437.jar /mnt/c/Users/youse/IdeaProjects/crux/target/surefire 2022-06-03T17-11-33_369-jvmRun1 surefire12570556084400653805tmp surefire_010906201801318157854tmp"/>
    <property name="jdk.debug" value="release"/>
    <property name="surefire.test.class.path" value="/mnt/c/Users/youse/IdeaProjects/crux/target/test-classes:/mnt/c/Users/youse/IdeaProjects/crux/target/classes:/home/wallyy/.m2/repository/org/antlr/antlr4-runtime/4.7.2/antlr4-runtime-4.7.2.jar:/home/wallyy/.m2/repository/org/junit/jupiter/junit-jupiter-api/5.5.2/junit-jupiter-api-5.5.2.jar:/home/wallyy/.m2/repository/org/apiguardian/apiguardian-api/1.1.0/apiguardian-api-1.1.0.jar:/home/wallyy/.m2/repository/org/opentest4j/opentest4j/1.2.0/opentest4j-1.2.0.jar:/home/wallyy/.m2/repository/org/junit/platform/junit-platform-commons/1.5.2/junit-platform-commons-1.5.2.jar:/home/wallyy/.m2/repository/org/junit/jupiter/junit-jupiter-engine/5.5.2/junit-jupiter-engine-5.5.2.jar:/home/wallyy/.m2/repository/org/junit/platform/junit-platform-engine/1.5.2/junit-platform-engine-1.5.2.jar:"/>
    <property name="sun.cpu.endian" value="little"/>
    <property name="user.home" value="/home/wallyy"/>
    <property name="user.language" value="en"/>
    <property name="java.specification.vendor" value="Oracle Corporation"/>
    <property name="java.version.date" value="2020-04-14"/>
    <property name="java.home" value="/usr/lib/jvm/java-11-openjdk-amd64"/>
    <property name="file.separator" value="/"/>
    <property name="basedir" value="/mnt/c/Users/youse/IdeaProjects/crux"/>
    <property name="java.vm.compressedOopsMode" value="Zero based"/>
    <property name="line.separator" value="&#10;"/>
    <property name="java.specification.name" value="Java Platform API Specification"/>
    <property name="java.vm.specification.vendor" value="Oracle Corporation"/>
    <property name="java.awt.graphicsenv" value="sun.awt.X11GraphicsEnvironment"/>
    <property name="surefire.real.class.path" value="/mnt/c/Users/youse/IdeaProjects/crux/target/surefire/surefirebooter338970062425097437.jar"/>
    <property name="sun.management.compiler" value="HotSpot 64-Bit Tiered Compilers"/>
    <property name="java.runtime.version" value="11.0.7+10-post-Ubuntu-3ubuntu1"/>
    <property name="user.name" value="wallyy"/>
    <property name="path.separator" value=":"/>
    <property name="os.version" value="5.10.16.3-microsoft-standard-WSL2"/>
    <property name="java.runtime.name" value="OpenJDK Runtime Environment"/>
    <property name="file.encoding" value="UTF-8"/>
    <property name="java.vm.name" value="OpenJDK 64-Bit Server VM"/>
    <property name="localRepository" value="/home/wallyy/.m2/repository"/>
    <property name="java.vendor.url.bug" value="https://bugs.launchpad.net/ubuntu/+source/openjdk-lts"/>
    <property name="java.io.tmpdir" value="/tmp"/>
    <property name="java.version" value="11.0.7"/>
    <property name="user.dir" value="/mnt/c/Users/youse/IdeaProjects/crux"/>
    <property name="os.arch" value="amd64"/>
    <property name="java.vm.specification.name" value="Java Virtual Machine Specification"/>
    <property name="java.awt.printerjob" value="sun.print.PSPrinterJob"/>
    <property name="sun.os.patch.level" value="unknown"/>
    <property name="java.library.path" value="/usr/java/packages/lib:/usr/lib/x86_64-linux-gnu/jni:/lib/x86_64-linux-gnu:/usr/lib/x86_64-linux-gnu:/usr/lib/jni:/lib:/usr/lib"/>
    <property name="java.vendor" value="Ubuntu"/>
    <property name="java.vm.info" value="mixed mode, sharing"/>
    <property name="java.vm.version" value="11.0.7+10-post-Ubuntu-3ubuntu1"/>
    <property name="sun.io.unicode.encoding" value="UnicodeLittle"/>
    <property name="java.class.version" value="55.0"/>
  </properties>
  <testcase name="codegen" classname="crux.CompilerStageTests" time="0.166"/>
  <testcase name="codegen" classname="crux.CompilerStageTests" time="0.12"/>
  <testcase name="codegen" classname="crux.CompilerStageTests" time="0.083"/>
  <testcase name="codegen" classname="crux.CompilerStageTests" time="0.087"/>
  <testcase name="codegen" classname="crux.CompilerStageTests" time="0.077"/>
  <testcase name="codegen" classname="crux.CompilerStageTests" time="0.085"/>
  <testcase name="codegen" classname="crux.CompilerStageTests" time="0.074"/>
  <testcase name="codegen" classname="crux.CompilerStageTests" time="0.073"/>
  <testcase name="codegen" classname="crux.CompilerStageTests" time="0.076"/>
  <testcase name="codegen" classname="crux.CompilerStageTests" time="0.078"/>
  <testcase name="codegen" classname="crux.CompilerStageTests" time="0.076"/>
  <testcase name="codegen" classname="crux.CompilerStageTests" time="0.077"/>
  <testcase name="codegen" classname="crux.CompilerStageTests" time="0.079"/>
  <testcase name="codegen" classname="crux.CompilerStageTests" time="0.073"/>
  <testcase name="codegen" classname="crux.CompilerStageTests" time="0.073"/>
  <testcase name="codegen" classname="crux.CompilerStageTests" time="0.072"/>
  <testcase name="codegen" classname="crux.CompilerStageTests" time="0.081"/>
  <testcase name="codegen" classname="crux.CompilerStageTests" time="0.074"/>
  <testcase name="codegen" classname="crux.CompilerStageTests" time="0.175"/>
  <testcase name="codegen" classname="crux.CompilerStageTests" time="0.073"/>
  <testcase name="codegen" classname="crux.CompilerStageTests" time="0.07"/>
  <testcase name="codegen" classname="crux.CompilerStageTests" time="0.072"/>
  <testcase name="codegen" classname="crux.CompilerStageTests" time="0.073"/>
  <testcase name="codegen" classname="crux.CompilerStageTests" time="0.071"/>
  <testcase name="codegen" classname="crux.CompilerStageTests" time="0.075"/>
  <testcase name="codegen" classname="crux.CompilerStageTests" time="0.079"/>
  <testcase name="codegen" classname="crux.CompilerStageTests" time="0.073"/>
  <testcase name="codegen" classname="crux.CompilerStageTests" time="0.073"/>
  <testcase name="codegen" classname="crux.CompilerStageTests" time="0.075"/>
  <testcase name="codegen" classname="crux.CompilerStageTests" time="0.074"/>
  <testcase name="codegen" classname="crux.CompilerStageTests" time="0.076"/>
  <testcase name="codegen" classname="crux.CompilerStageTests" time="0.074"/>
  <testcase name="codegen" classname="crux.CompilerStageTests" time="0.072"/>
  <testcase name="codegen" classname="crux.CompilerStageTests" time="0.077"/>
  <testcase name="codegen" classname="crux.CompilerStageTests" time="0.076"/>
  <testcase name="codegen" classname="crux.CompilerStageTests" time="0.077"/>
  <testcase name="codegen" classname="crux.CompilerStageTests" time="0.073"/>
  <testcase name="codegen" classname="crux.CompilerStageTests" time="0.078"/>
  <testcase name="codegen" classname="crux.CompilerStageTests" time="0.076"/>
  <testcase name="codegen" classname="crux.CompilerStageTests" time="0.075"/>
  <testcase name="codegen" classname="crux.CompilerStageTests" time="0.073"/>
  <testcase name="codegen" classname="crux.CompilerStageTests" time="0.071"/>
  <testcase name="codegen" classname="crux.CompilerStageTests" time="0.073"/>
  <testcase name="codegen" classname="crux.CompilerStageTests" time="0.071"/>
  <testcase name="codegen" classname="crux.CompilerStageTests" time="0.074"/>
  <testcase name="codegen" classname="crux.CompilerStageTests" time="0.072"/>
  <testcase name="codegen" classname="crux.CompilerStageTests" time="0.077"/>
  <testcase name="codegen" classname="crux.CompilerStageTests" time="0.074"/>
  <testcase name="codegen" classname="crux.CompilerStageTests" time="0.076"/>
  <testcase name="codegen" classname="crux.CompilerStageTests" time="0.086">
    <failure type="org.opentest4j.AssertionFailedError"><![CDATA[org.opentest4j.AssertionFailedError: CodeGen for program crux/stages/codegen/test50.crx differs from expected output. ==> expected: <Congrats on passing the last test case!> but was: <>
	at crux.CompilerStageTests.lambda$codegen$9(CompilerStageTests.java:297)
]]></failure>
  </testcase>
</testsuite>